# JRE version: OpenJDK Runtime Environment (8.0_242-b01) (build 1.8.0_242-release-1644-b01)
# Java VM: OpenJDK 64-Bit Server VM (25.242-b01 mixed mode windows-amd64 compressed oops)
Heap:
 PSYoungGen      total 302592K, used 236866K [0x00000000d5580000, 0x00000000ef700000, 0x0000000100000000)
  eden space 270336K, 87% used [0x00000000d5580000,0x00000000e3cd08f0,0x00000000e5d80000)
  from space 32256K, 0% used [0x00000000e5d80000,0x00000000e5d80000,0x00000000e7d00000)
  to   space 32768K, 0% used [0x00000000ed700000,0x00000000ed700000,0x00000000ef700000)
 ParOldGen       total 167424K, used 56686K [0x0000000080000000, 0x000000008a380000, 0x00000000d5580000)
  object space 167424K, 33% used [0x0000000080000000,0x000000008375b9c0,0x000000008a380000)
 Metaspace       used 101183K, capacity 106200K, committed 106624K, reserved 1140736K
  class space    used 13311K, capacity 14291K, committed 14464K, reserved 1048576K
GC Heap History (10 events):
Event: 2415.372 GC heap before
{Heap before GC invocations=17 (full 3):
 PSYoungGen      total 203776K, used 203765K [0x00000000d5580000, 0x00000000e6300000, 0x0000000100000000)
  eden space 187904K, 100% used [0x00000000d5580000,0x00000000e0d00000,0x00000000e0d00000)
  from space 15872K, 99% used [0x00000000e0d00000,0x00000000e1c7d638,0x00000000e1c80000)
  to   space 17920K, 0% used [0x00000000e5180000,0x00000000e5180000,0x00000000e6300000)
 ParOldGen       total 126464K, used 33504K [0x0000000080000000, 0x0000000087b80000, 0x00000000d5580000)
  object space 126464K, 26% used [0x0000000080000000,0x00000000820b8170,0x0000000087b80000)
 Metaspace       used 79026K, capacity 82936K, committed 83200K, reserved 1120256K
  class space    used 10672K, capacity 11475K, committed 11520K, reserved 1048576K
Event: 2416.920 GC heap after
Heap after GC invocations=17 (full 3):
 PSYoungGen      total 249344K, used 16418K [0x00000000d5580000, 0x00000000e6200000, 0x0000000100000000)
  eden space 232448K, 0% used [0x00000000d5580000,0x00000000d5580000,0x00000000e3880000)
  from space 16896K, 97% used [0x00000000e5180000,0x00000000e6188b30,0x00000000e6200000)
  to   space 19968K, 0% used [0x00000000e3b00000,0x00000000e3b00000,0x00000000e4e80000)
 ParOldGen       total 126464K, used 42737K [0x0000000080000000, 0x0000000087b80000, 0x00000000d5580000)
  object space 126464K, 33% used [0x0000000080000000,0x00000000829bc510,0x0000000087b80000)
 Metaspace       used 79026K, capacity 82936K, committed 83200K, reserved 1120256K
  class space    used 10672K, capacity 11475K, committed 11520K, reserved 1048576K
}
Event: 4494.962 GC heap before
{Heap before GC invocations=18 (full 3):
 PSYoungGen      total 249344K, used 248866K [0x00000000d5580000, 0x00000000e6200000, 0x0000000100000000)
  eden space 232448K, 100% used [0x00000000d5580000,0x00000000e3880000,0x00000000e3880000)
  from space 16896K, 97% used [0x00000000e5180000,0x00000000e6188b30,0x00000000e6200000)
  to   space 19968K, 0% used [0x00000000e3b00000,0x00000000e3b00000,0x00000000e4e80000)
 ParOldGen       total 126464K, used 42737K [0x0000000080000000, 0x0000000087b80000, 0x00000000d5580000)
  object space 126464K, 33% used [0x0000000080000000,0x00000000829bc510,0x0000000087b80000)
 Metaspace       used 84992K, capacity 89268K, committed 89344K, reserved 1126400K
  class space    used 11406K, capacity 12287K, committed 12288K, reserved 1048576K
Event: 4498.830 GC heap after
Heap after GC invocations=18 (full 3):
 PSYoungGen      total 254976K, used 19955K [0x00000000d5580000, 0x00000000e9380000, 0x0000000100000000)
  eden space 235008K, 0% used [0x00000000d5580000,0x00000000d5580000,0x00000000e3b00000)
  from space 19968K, 99% used [0x00000000e3b00000,0x00000000e4e7cf18,0x00000000e4e80000)
  to   space 23040K, 0% used [0x00000000e7d00000,0x00000000e7d00000,0x00000000e9380000)
 ParOldGen       total 126464K, used 43379K [0x0000000080000000, 0x0000000087b80000, 0x00000000d5580000)
  object space 126464K, 34% used [0x0000000080000000,0x0000000082a5ce38,0x0000000087b80000)
 Metaspace       used 84992K, capacity 89268K, committed 89344K, reserved 1126400K
  class space    used 11406K, capacity 12287K, committed 12288K, reserved 1048576K
}
Event: 4531.854 GC heap before
{Heap before GC invocations=19 (full 3):
 PSYoungGen      total 254976K, used 254963K [0x00000000d5580000, 0x00000000e9380000, 0x0000000100000000)
  eden space 235008K, 100% used [0x00000000d5580000,0x00000000e3b00000,0x00000000e3b00000)
  from space 19968K, 99% used [0x00000000e3b00000,0x00000000e4e7cf18,0x00000000e4e80000)
  to   space 23040K, 0% used [0x00000000e7d00000,0x00000000e7d00000,0x00000000e9380000)
 ParOldGen       total 126464K, used 43379K [0x0000000080000000, 0x0000000087b80000, 0x00000000d5580000)
  object space 126464K, 34% used [0x0000000080000000,0x0000000082a5ce38,0x0000000087b80000)
 Metaspace       used 93975K, capacity 98396K, committed 98496K, reserved 1134592K
  class space    used 12373K, capacity 13302K, committed 13312K, reserved 1048576K
Event: 4532.123 GC heap after
Heap after GC invocations=19 (full 3):
 PSYoungGen      total 293376K, used 23014K [0x00000000d5580000, 0x00000000ea680000, 0x0000000100000000)
  eden space 270336K, 0% used [0x00000000d5580000,0x00000000d5580000,0x00000000e5d80000)
  from space 23040K, 99% used [0x00000000e7d00000,0x00000000e93798e0,0x00000000e9380000)
  to   space 32256K, 0% used [0x00000000e5d80000,0x00000000e5d80000,0x00000000e7d00000)
 ParOldGen       total 126464K, used 59569K [0x0000000080000000, 0x0000000087b80000, 0x00000000d5580000)
  object space 126464K, 47% used [0x0000000080000000,0x0000000083a2c728,0x0000000087b80000)
 Metaspace       used 93975K, capacity 98396K, committed 98496K, reserved 1134592K
  class space    used 12373K, capacity 13302K, committed 13312K, reserved 1048576K
}
Event: 4532.223 GC heap before
{Heap before GC invocations=20 (full 3):
 PSYoungGen      total 293376K, used 24765K [0x00000000d5580000, 0x00000000ea680000, 0x0000000100000000)
  eden space 270336K, 0% used [0x00000000d5580000,0x00000000d5735e18,0x00000000e5d80000)
  from space 23040K, 99% used [0x00000000e7d00000,0x00000000e93798e0,0x00000000e9380000)
  to   space 32256K, 0% used [0x00000000e5d80000,0x00000000e5d80000,0x00000000e7d00000)
 ParOldGen       total 126464K, used 59569K [0x0000000080000000, 0x0000000087b80000, 0x00000000d5580000)
  object space 126464K, 47% used [0x0000000080000000,0x0000000083a2c728,0x0000000087b80000)
 Metaspace       used 93995K, capacity 98396K, committed 98496K, reserved 1134592K
  class space    used 12373K, capacity 13302K, committed 13312K, reserved 1048576K
Event: 4532.297 GC heap after
Heap after GC invocations=20 (full 3):
 PSYoungGen      total 302592K, used 352K [0x00000000d5580000, 0x00000000ef700000, 0x0000000100000000)
  eden space 270336K, 0% used [0x00000000d5580000,0x00000000d5580000,0x00000000e5d80000)
  from space 32256K, 1% used [0x00000000e5d80000,0x00000000e5dd8000,0x00000000e7d00000)
  to   space 32768K, 0% used [0x00000000ed700000,0x00000000ed700000,0x00000000ef700000)
 ParOldGen       total 126464K, used 80749K [0x0000000080000000, 0x0000000087b80000, 0x00000000d5580000)
  object space 126464K, 63% used [0x0000000080000000,0x0000000084edb4f0,0x0000000087b80000)
 Metaspace       used 93995K, capacity 98396K, committed 98496K, reserved 1134592K
  class space    used 12373K, capacity 13302K, committed 13312K, reserved 1048576K
}
Event: 4532.298 GC heap before
{Heap before GC invocations=21 (full 4):
 PSYoungGen      total 302592K, used 352K [0x00000000d5580000, 0x00000000ef700000, 0x0000000100000000)
  eden space 270336K, 0% used [0x00000000d5580000,0x00000000d5580000,0x00000000e5d80000)
  from space 32256K, 1% used [0x00000000e5d80000,0x00000000e5dd8000,0x00000000e7d00000)
  to   space 32768K, 0% used [0x00000000ed700000,0x00000000ed700000,0x00000000ef700000)
 ParOldGen       total 126464K, used 80749K [0x0000000080000000, 0x0000000087b80000, 0x00000000d5580000)
  object space 126464K, 63% used [0x0000000080000000,0x0000000084edb4f0,0x0000000087b80000)
 Metaspace       used 93995K, capacity 98396K, committed 98496K, reserved 1134592K
  class space    used 12373K, capacity 13302K, committed 13312K, reserved 1048576K
Event: 4535.464 GC heap after
Heap after GC invocations=21 (full 4):
 PSYoungGen      total 302592K, used 0K [0x00000000d5580000, 0x00000000ef700000, 0x0000000100000000)
  eden space 270336K, 0% used [0x00000000d5580000,0x00000000d5580000,0x00000000e5d80000)
  from space 32256K, 0% used [0x00000000e5d80000,0x00000000e5d80000,0x00000000e7d00000)
  to   space 32768K, 0% used [0x00000000ed700000,0x00000000ed700000,0x00000000ef700000)
 ParOldGen       total 167424K, used 56686K [0x0000000080000000, 0x000000008a380000, 0x00000000d5580000)
  object space 167424K, 33% used [0x0000000080000000,0x000000008375b9c0,0x000000008a380000)
 Metaspace       used 93084K, capacity 96758K, committed 98496K, reserved 1134592K
  class space    used 12197K, capacity 12980K, committed 13312K, reserved 1048576K
}

